<?xml version="1.0" encoding="UTF-8"?>
<testng-results skipped="0" failed="0" ignored="0" total="1" passed="1">
  <reporter-output>
  </reporter-output>
  <suite name="Default suite" duration-ms="74" started-at="2018-07-02T04:59:43Z" finished-at="2018-07-02T04:59:43Z">
    <groups>
    </groups>
    <test name="Default test" duration-ms="74" started-at="2018-07-02T04:59:43Z" finished-at="2018-07-02T04:59:43Z">
      <class name="com.Naveen.GitRepositoryDemo.tests.LoginTest">
        <test-method status="PASS" signature="test()[pri:0, instance:com.Naveen.GitRepositoryDemo.tests.LoginTest@47c62251]" name="test" duration-ms="16" started-at="2018-07-02T04:59:43Z" finished-at="2018-07-02T04:59:43Z">
          <reporter-output>
          </reporter-output>
        </test-method> <!-- test -->
      </class> <!-- com.Naveen.GitRepositoryDemo.tests.LoginTest -->
    </test> <!-- Default test -->
  </suite> <!-- Default suite -->
</testng-results>
